{"meta": {"format": 3, "version": "7.13.1", "timestamp": "2026-01-13T10:40:44.774536", "branch_coverage": false, "show_contexts": false}, "files": {"cli\\src\\sqlazo\\__init__.py": {"executed_lines": [3], "summary": {"covered_lines": 1, "num_statements": 1, "percent_covered": 100.0, "percent_covered_display": "100", "missing_lines": 0, "excluded_lines": 0, "percent_statements_covered": 100.0, "percent_statements_covered_display": "100"}, "missing_lines": [], "excluded_lines": [], "functions": {"": {"executed_lines": [3], "summary": {"covered_lines": 1, "num_statements": 1, "percent_covered": 100.0, "percent_covered_display": "100", "missing_lines": 0, "excluded_lines": 0, "percent_statements_covered": 100.0, "percent_statements_covered_display": "100"}, "missing_lines": [], "excluded_lines": [], "start_line": 1}}, "classes": {"": {"executed_lines": [3], "summary": {"covered_lines": 1, "num_statements": 1, "percent_covered": 100.0, "percent_covered_display": "100", "missing_lines": 0, "excluded_lines": 0, "percent_statements_covered": 100.0, "percent_statements_covered_display": "100"}, "missing_lines": [], "excluded_lines": [], "start_line": 1}}}, "cli\\src\\sqlazo\\__main__.py": {"executed_lines": [], "summary": {"covered_lines": 0, "num_statements": 3, "percent_covered": 0.0, "percent_covered_display": "0", "missing_lines": 3, "excluded_lines": 0, "percent_statements_covered": 0.0, "percent_statements_covered_display": "0"}, "missing_lines": [3, 5, 6], "excluded_lines": [], "functions": {"": {"executed_lines": [], "summary": {"covered_lines": 0, "num_statements": 3, "percent_covered": 0.0, "percent_covered_display": "0", "missing_lines": 3, "excluded_lines": 0, "percent_statements_covered": 0.0, "percent_statements_covered_display": "0"}, "missing_lines": [3, 5, 6], "excluded_lines": [], "start_line": 1}}, "classes": {"": {"executed_lines": [], "summary": {"covered_lines": 0, "num_statements": 3, "percent_covered": 0.0, "percent_covered_display": "0", "missing_lines": 3, "excluded_lines": 0, "percent_statements_covered": 0.0, "percent_statements_covered_display": "0"}, "missing_lines": [3, 5, 6], "excluded_lines": [], "start_line": 1}}}, "cli\\src\\sqlazo\\cli.py": {"executed_lines": [3, 4, 5, 7, 8, 9, 10, 11, 14, 16, 22, 27, 34, 40, 46, 48, 50, 51, 52, 54, 56, 57, 58, 61, 62, 63, 66, 67, 68, 69, 70, 73, 85, 86, 91, 93, 94, 105, 106, 107, 113, 115, 116, 117, 118, 123], "summary": {"covered_lines": 46, "num_statements": 68, "percent_covered": 67.6470588235294, "percent_covered_display": "68", "missing_lines": 22, "excluded_lines": 0, "percent_statements_covered": 67.6470588235294, "percent_statements_covered_display": "68"}, "missing_lines": [74, 75, 76, 77, 78, 79, 80, 81, 82, 87, 88, 96, 97, 98, 101, 102, 109, 110, 111, 119, 120, 124], "excluded_lines": [], "functions": {"main": {"executed_lines": [16, 22, 27, 34, 40, 46, 48, 50, 51, 52, 54, 56, 57, 58, 61, 62, 63, 66, 67, 68, 69, 70, 73, 85, 86, 91, 93, 94, 105, 106, 107, 113, 115, 116, 117, 118], "summary": {"covered_lines": 36, "num_statements": 57, "percent_covered": 63.1578947368421, "percent_covered_display": "63", "missing_lines": 21, "excluded_lines": 0, "percent_statements_covered": 63.1578947368421, "percent_statements_covered_display": "63"}, "missing_lines": [74, 75, 76, 77, 78, 79, 80, 81, 82, 87, 88, 96, 97, 98, 101, 102, 109, 110, 111, 119, 120], "excluded_lines": [], "start_line": 14}, "": {"executed_lines": [3, 4, 5, 7, 8, 9, 10, 11, 14, 123], "summary": {"covered_lines": 10, "num_statements": 11, "percent_covered": 90.9090909090909, "percent_covered_display": "91", "missing_lines": 1, "excluded_lines": 0, "percent_statements_covered": 90.9090909090909, "percent_statements_covered_display": "91"}, "missing_lines": [124], "excluded_lines": [], "start_line": 1}}, "classes": {"": {"executed_lines": [3, 4, 5, 7, 8, 9, 10, 11, 14, 16, 22, 27, 34, 40, 46, 48, 50, 51, 52, 54, 56, 57, 58, 61, 62, 63, 66, 67, 68, 69, 70, 73, 85, 86, 91, 93, 94, 105, 106, 107, 113, 115, 116, 117, 118, 123], "summary": {"covered_lines": 46, "num_statements": 68, "percent_covered": 67.6470588235294, "percent_covered_display": "68", "missing_lines": 22, "excluded_lines": 0, "percent_statements_covered": 67.6470588235294, "percent_statements_covered_display": "68"}, "missing_lines": [74, 75, 76, 77, 78, 79, 80, 81, 82, 87, 88, 96, 97, 98, 101, 102, 109, 110, 111, 119, 120, 124], "excluded_lines": [], "start_line": 1}}}, "cli\\src\\sqlazo\\connection.py": {"executed_lines": [3, 4, 5, 7, 10, 11, 14, 15, 16, 17, 18, 19, 20, 22, 24, 25, 26, 27, 29, 30, 32, 34, 35, 36, 37, 38, 41, 42, 43, 44, 45, 46, 47, 48, 50, 51, 52, 53, 55, 57, 67, 68, 71, 72, 73, 74, 76, 86, 93, 94, 95, 99, 109, 110, 111, 112], "summary": {"covered_lines": 56, "num_statements": 59, "percent_covered": 94.91525423728814, "percent_covered_display": "95", "missing_lines": 3, "excluded_lines": 0, "percent_statements_covered": 94.91525423728814, "percent_statements_covered_display": "95"}, "missing_lines": [39, 40, 96], "excluded_lines": [], "functions": {"ConnectionConfig.__post_init__": {"executed_lines": [24, 25, 26, 27], "summary": {"covered_lines": 4, "num_statements": 4, "percent_covered": 100.0, "percent_covered_display": "100", "missing_lines": 0, "excluded_lines": 0, "percent_statements_covered": 100.0, "percent_statements_covered_display": "100"}, "missing_lines": [], "excluded_lines": [], "start_line": 22}, "ConnectionConfig.from_env": {"executed_lines": [32, 34, 35, 36, 37, 38, 41, 42, 43, 44, 45, 46, 47, 48, 50, 51, 52, 53, 55], "summary": {"covered_lines": 19, "num_statements": 21, "percent_covered": 90.47619047619048, "percent_covered_display": "90", "missing_lines": 2, "excluded_lines": 0, "percent_statements_covered": 90.47619047619048, "percent_statements_covered_display": "90"}, "missing_lines": [39, 40], "excluded_lines": [], "start_line": 30}, "ConnectionConfig.merge_with": {"executed_lines": [67, 68, 71, 72, 73, 74, 76], "summary": {"covered_lines": 7, "num_statements": 7, "percent_covered": 100.0, "percent_covered_display": "100", "missing_lines": 0, "excluded_lines": 0, "percent_statements_covered": 100.0, "percent_statements_covered_display": "100"}, "missing_lines": [], "excluded_lines": [], "start_line": 57}, "ConnectionConfig.validate": {"executed_lines": [93, 94, 95], "summary": {"covered_lines": 3, "num_statements": 4, "percent_covered": 75.0, "percent_covered_display": "75", "missing_lines": 1, "excluded_lines": 0, "percent_statements_covered": 75.0, "percent_statements_covered_display": "75"}, "missing_lines": [96], "excluded_lines": [], "start_line": 86}, "get_connection": {"executed_lines": [109, 110, 111, 112], "summary": {"covered_lines": 4, "num_statements": 4, "percent_covered": 100.0, "percent_covered_display": "100", "missing_lines": 0, "excluded_lines": 0, "percent_statements_covered": 100.0, "percent_statements_covered_display": "100"}, "missing_lines": [], "excluded_lines": [], "start_line": 99}, "": {"executed_lines": [3, 4, 5, 7, 10, 11, 14, 15, 16, 17, 18, 19, 20, 22, 29, 30, 57, 86, 99], "summary": {"covered_lines": 19, "num_statements": 19, "percent_covered": 100.0, "percent_covered_display": "100", "missing_lines": 0, "excluded_lines": 0, "percent_statements_covered": 100.0, "percent_statements_covered_display": "100"}, "missing_lines": [], "excluded_lines": [], "start_line": 1}}, "classes": {"ConnectionConfig": {"executed_lines": [24, 25, 26, 27, 32, 34, 35, 36, 37, 38, 41, 42, 43, 44, 45, 46, 47, 48, 50, 51, 52, 53, 55, 67, 68, 71, 72, 73, 74, 76, 93, 94, 95], "summary": {"covered_lines": 33, "num_statements": 36, "percent_covered": 91.66666666666667, "percent_covered_display": "92", "missing_lines": 3, "excluded_lines": 0, "percent_statements_covered": 91.66666666666667, "percent_statements_covered_display": "92"}, "missing_lines": [39, 40, 96], "excluded_lines": [], "start_line": 11}, "": {"executed_lines": [3, 4, 5, 7, 10, 11, 14, 15, 16, 17, 18, 19, 20, 22, 29, 30, 57, 86, 99, 109, 110, 111, 112], "summary": {"covered_lines": 23, "num_statements": 23, "percent_covered": 100.0, "percent_covered_display": "100", "missing_lines": 0, "excluded_lines": 0, "percent_statements_covered": 100.0, "percent_statements_covered_display": "100"}, "missing_lines": [], "excluded_lines": [], "start_line": 1}}}, "cli\\src\\sqlazo\\databases\\__init__.py": {"executed_lines": [3, 4, 8, 9, 12, 14, 15, 16, 17, 20, 22, 25, 28, 31, 33, 34, 35, 36, 37, 38, 39, 42, 44, 45, 46, 47, 50, 56, 57, 58, 59, 60, 62, 63, 64, 65, 66], "summary": {"covered_lines": 37, "num_statements": 38, "percent_covered": 97.36842105263158, "percent_covered_display": "97", "missing_lines": 1, "excluded_lines": 0, "percent_statements_covered": 97.36842105263158, "percent_statements_covered_display": "97"}, "missing_lines": [52], "excluded_lines": [], "functions": {"register_handler": {"executed_lines": [14, 15, 16, 17], "summary": {"covered_lines": 4, "num_statements": 4, "percent_covered": 100.0, "percent_covered_display": "100", "missing_lines": 0, "excluded_lines": 0, "percent_statements_covered": 100.0, "percent_statements_covered_display": "100"}, "missing_lines": [], "excluded_lines": [], "start_line": 12}, "get_handler": {"executed_lines": [22], "summary": {"covered_lines": 1, "num_statements": 1, "percent_covered": 100.0, "percent_covered_display": "100", "missing_lines": 0, "excluded_lines": 0, "percent_statements_covered": 100.0, "percent_statements_covered_display": "100"}, "missing_lines": [], "excluded_lines": [], "start_line": 20}, "get_handler_for_db_type": {"executed_lines": [28], "summary": {"covered_lines": 1, "num_statements": 1, "percent_covered": 100.0, "percent_covered_display": "100", "missing_lines": 0, "excluded_lines": 0, "percent_statements_covered": 100.0, "percent_statements_covered_display": "100"}, "missing_lines": [], "excluded_lines": [], "start_line": 25}, "get_all_handlers": {"executed_lines": [33, 34, 35, 36, 37, 38, 39], "summary": {"covered_lines": 7, "num_statements": 7, "percent_covered": 100.0, "percent_covered_display": "100", "missing_lines": 0, "excluded_lines": 0, "percent_statements_covered": 100.0, "percent_statements_covered_display": "100"}, "missing_lines": [], "excluded_lines": [], "start_line": 31}, "get_all_comment_prefixes": {"executed_lines": [44, 45, 46, 47], "summary": {"covered_lines": 4, "num_statements": 4, "percent_covered": 100.0, "percent_covered_display": "100", "missing_lines": 0, "excluded_lines": 0, "percent_statements_covered": 100.0, "percent_statements_covered_display": "100"}, "missing_lines": [], "excluded_lines": [], "start_line": 42}, "get_all_schemes": {"executed_lines": [], "summary": {"covered_lines": 0, "num_statements": 1, "percent_covered": 0.0, "percent_covered_display": "0", "missing_lines": 1, "excluded_lines": 0, "percent_statements_covered": 0.0, "percent_statements_covered_display": "0"}, "missing_lines": [52], "excluded_lines": [], "start_line": 50}, "": {"executed_lines": [3, 4, 8, 9, 12, 20, 25, 31, 42, 50, 56, 57, 58, 59, 60, 62, 63, 64, 65, 66], "summary": {"covered_lines": 20, "num_statements": 20, "percent_covered": 100.0, "percent_covered_display": "100", "missing_lines": 0, "excluded_lines": 0, "percent_statements_covered": 100.0, "percent_statements_covered_display": "100"}, "missing_lines": [], "excluded_lines": [], "start_line": 1}}, "classes": {"": {"executed_lines": [3, 4, 8, 9, 12, 14, 15, 16, 17, 20, 22, 25, 28, 31, 33, 34, 35, 36, 37, 38, 39, 42, 44, 45, 46, 47, 50, 56, 57, 58, 59, 60, 62, 63, 64, 65, 66], "summary": {"covered_lines": 37, "num_statements": 38, "percent_covered": 97.36842105263158, "percent_covered_display": "97", "missing_lines": 1, "excluded_lines": 0, "percent_statements_covered": 97.36842105263158, "percent_statements_covered_display": "97"}, "missing_lines": [52], "excluded_lines": [], "start_line": 1}}}, "cli\\src\\sqlazo\\databases\\base.py": {"executed_lines": [3, 4, 5, 6, 9, 10, 14, 15, 18, 19, 22, 24, 25, 26, 27, 28, 31, 35, 38, 41, 44, 47, 49, 50, 63, 64, 76, 77, 89, 90, 103, 113, 128], "summary": {"covered_lines": 33, "num_statements": 40, "percent_covered": 82.5, "percent_covered_display": "82", "missing_lines": 7, "excluded_lines": 0, "percent_statements_covered": 82.5, "percent_statements_covered_display": "82"}, "missing_lines": [61, 74, 87, 101, 110, 111, 124], "excluded_lines": [], "functions": {"QueryResult.__post_init__": {"executed_lines": [25, 26, 27, 28], "summary": {"covered_lines": 4, "num_statements": 4, "percent_covered": 100.0, "percent_covered_display": "100", "missing_lines": 0, "excluded_lines": 0, "percent_statements_covered": 100.0, "percent_statements_covered_display": "100"}, "missing_lines": [], "excluded_lines": [], "start_line": 24}, "DatabaseHandler.parse_url": {"executed_lines": [], "summary": {"covered_lines": 0, "num_statements": 1, "percent_covered": 0.0, "percent_covered_display": "0", "missing_lines": 1, "excluded_lines": 0, "percent_statements_covered": 0.0, "percent_statements_covered_display": "0"}, "missing_lines": [61], "excluded_lines": [], "start_line": 50}, "DatabaseHandler.validate_config": {"executed_lines": [], "summary": {"covered_lines": 0, "num_statements": 1, "percent_covered": 0.0, "percent_covered_display": "0", "missing_lines": 1, "excluded_lines": 0, "percent_statements_covered": 0.0, "percent_statements_covered_display": "0"}, "missing_lines": [74], "excluded_lines": [], "start_line": 64}, "DatabaseHandler.get_connection": {"executed_lines": [], "summary": {"covered_lines": 0, "num_statements": 1, "percent_covered": 0.0, "percent_covered_display": "0", "missing_lines": 1, "excluded_lines": 0, "percent_statements_covered": 0.0, "percent_statements_covered_display": "0"}, "missing_lines": [87], "excluded_lines": [], "start_line": 77}, "DatabaseHandler.execute_query": {"executed_lines": [], "summary": {"covered_lines": 0, "num_statements": 1, "percent_covered": 0.0, "percent_covered_display": "0", "missing_lines": 1, "excluded_lines": 0, "percent_statements_covered": 0.0, "percent_statements_covered_display": "0"}, "missing_lines": [101], "excluded_lines": [], "start_line": 90}, "DatabaseHandler.close_connection": {"executed_lines": [], "summary": {"covered_lines": 0, "num_statements": 2, "percent_covered": 0.0, "percent_covered_display": "0", "missing_lines": 2, "excluded_lines": 0, "percent_statements_covered": 0.0, "percent_statements_covered_display": "0"}, "missing_lines": [110, 111], "excluded_lines": [], "start_line": 103}, "DatabaseHandler.get_schema": {"executed_lines": [], "summary": {"covered_lines": 0, "num_statements": 1, "percent_covered": 0.0, "percent_covered_display": "0", "missing_lines": 1, "excluded_lines": 0, "percent_statements_covered": 0.0, "percent_statements_covered_display": "0"}, "missing_lines": [124], "excluded_lines": [], "start_line": 113}, "": {"executed_lines": [3, 4, 5, 6, 9, 10, 14, 15, 18, 19, 22, 24, 31, 35, 38, 41, 44, 47, 49, 50, 63, 64, 76, 77, 89, 90, 103, 113, 128], "summary": {"covered_lines": 29, "num_statements": 29, "percent_covered": 100.0, "percent_covered_display": "100", "missing_lines": 0, "excluded_lines": 0, "percent_statements_covered": 100.0, "percent_statements_covered_display": "100"}, "missing_lines": [], "excluded_lines": [], "start_line": 1}}, "classes": {"QueryResult": {"executed_lines": [25, 26, 27, 28], "summary": {"covered_lines": 4, "num_statements": 4, "percent_covered": 100.0, "percent_covered_display": "100", "missing_lines": 0, "excluded_lines": 0, "percent_statements_covered": 100.0, "percent_statements_covered_display": "100"}, "missing_lines": [], "excluded_lines": [], "start_line": 10}, "DatabaseHandler": {"executed_lines": [], "summary": {"covered_lines": 0, "num_statements": 7, "percent_covered": 0.0, "percent_covered_display": "0", "missing_lines": 7, "excluded_lines": 0, "percent_statements_covered": 0.0, "percent_statements_covered_display": "0"}, "missing_lines": [61, 74, 87, 101, 110, 111, 124], "excluded_lines": [], "start_line": 31}, "": {"executed_lines": [3, 4, 5, 6, 9, 10, 14, 15, 18, 19, 22, 24, 31, 35, 38, 41, 44, 47, 49, 50, 63, 64, 76, 77, 89, 90, 103, 113, 128], "summary": {"covered_lines": 29, "num_statements": 29, "percent_covered": 100.0, "percent_covered_display": "100", "missing_lines": 0, "excluded_lines": 0, "percent_statements_covered": 100.0, "percent_statements_covered_display": "100"}, "missing_lines": [], "excluded_lines": [], "start_line": 1}}}, "cli\\src\\sqlazo\\databases\\mongodb.py": {"executed_lines": [3, 4, 5, 6, 8, 9, 11, 14, 21, 24, 25, 26, 27, 28, 30, 32, 34, 35, 36, 37, 38, 39, 40, 41, 42, 43, 45, 47, 49, 51, 52, 53, 54, 55, 56, 58, 76, 81, 87, 188, 233, 267], "summary": {"covered_lines": 42, "num_statements": 185, "percent_covered": 22.7027027027027, "percent_covered_display": "23", "missing_lines": 143, "excluded_lines": 0, "percent_statements_covered": 22.7027027027027, "percent_statements_covered_display": "23"}, "missing_lines": [16, 17, 18, 60, 61, 63, 67, 68, 69, 70, 72, 74, 79, 84, 85, 89, 92, 93, 95, 96, 98, 99, 100, 102, 104, 105, 106, 107, 110, 111, 112, 113, 114, 116, 117, 118, 119, 120, 121, 122, 124, 125, 126, 127, 128, 134, 135, 136, 137, 138, 139, 144, 145, 146, 147, 148, 149, 150, 152, 153, 158, 159, 160, 161, 163, 164, 169, 170, 171, 172, 178, 179, 180, 181, 182, 183, 186, 190, 191, 193, 194, 195, 196, 197, 199, 200, 201, 202, 203, 205, 206, 207, 208, 210, 211, 212, 213, 215, 216, 217, 218, 219, 220, 221, 222, 223, 224, 226, 228, 229, 231, 235, 236, 237, 240, 241, 242, 243, 244, 245, 246, 249, 250, 251, 252, 253, 254, 255, 256, 257, 258, 259, 261, 269, 270, 271, 272, 273, 274, 275, 276, 277, 279], "excluded_lines": [], "functions": {"_mongo_json_encoder": {"executed_lines": [], "summary": {"covered_lines": 0, "num_statements": 3, "percent_covered": 0.0, "percent_covered_display": "0", "missing_lines": 3, "excluded_lines": 0, "percent_statements_covered": 0.0, "percent_statements_covered_display": "0"}, "missing_lines": [16, 17, 18], "excluded_lines": [], "start_line": 14}, "MongoDBHandler.parse_url": {"executed_lines": [32, 34, 35, 36, 37, 38, 39, 40, 41, 42, 43, 45, 47], "summary": {"covered_lines": 13, "num_statements": 13, "percent_covered": 100.0, "percent_covered_display": "100", "missing_lines": 0, "excluded_lines": 0, "percent_statements_covered": 100.0, "percent_statements_covered_display": "100"}, "missing_lines": [], "excluded_lines": [], "start_line": 30}, "MongoDBHandler.validate_config": {"executed_lines": [51, 52, 53, 54, 55, 56], "summary": {"covered_lines": 6, "num_statements": 6, "percent_covered": 100.0, "percent_covered_display": "100", "missing_lines": 0, "excluded_lines": 0, "percent_statements_covered": 100.0, "percent_statements_covered_display": "100"}, "missing_lines": [], "excluded_lines": [], "start_line": 49}, "MongoDBHandler.get_connection": {"executed_lines": [], "summary": {"covered_lines": 0, "num_statements": 9, "percent_covered": 0.0, "percent_covered_display": "0", "missing_lines": 9, "excluded_lines": 0, "percent_statements_covered": 0.0, "percent_statements_covered_display": "0"}, "missing_lines": [60, 61, 63, 67, 68, 69, 70, 72, 74], "excluded_lines": [], "start_line": 58}, "MongoDBHandler.close_connection": {"executed_lines": [], "summary": {"covered_lines": 0, "num_statements": 1, "percent_covered": 0.0, "percent_covered_display": "0", "missing_lines": 1, "excluded_lines": 0, "percent_statements_covered": 0.0, "percent_statements_covered_display": "0"}, "missing_lines": [79], "excluded_lines": [], "start_line": 76}, "MongoDBHandler.execute_query": {"executed_lines": [], "summary": {"covered_lines": 0, "num_statements": 2, "percent_covered": 0.0, "percent_covered_display": "0", "missing_lines": 2, "excluded_lines": 0, "percent_statements_covered": 0.0, "percent_statements_covered_display": "0"}, "missing_lines": [84, 85], "excluded_lines": [], "start_line": 81}, "MongoDBHandler._execute_mongo_query": {"executed_lines": [], "summary": {"covered_lines": 0, "num_statements": 62, "percent_covered": 0.0, "percent_covered_display": "0", "missing_lines": 62, "excluded_lines": 0, "percent_statements_covered": 0.0, "percent_statements_covered_display": "0"}, "missing_lines": [89, 92, 93, 95, 96, 98, 99, 100, 102, 104, 105, 106, 107, 110, 111, 112, 113, 114, 116, 117, 118, 119, 120, 121, 122, 124, 125, 126, 127, 128, 134, 135, 136, 137, 138, 139, 144, 145, 146, 147, 148, 149, 150, 152, 153, 158, 159, 160, 161, 163, 164, 169, 170, 171, 172, 178, 179, 180, 181, 182, 183, 186], "excluded_lines": [], "start_line": 87}, "MongoDBHandler._parse_args": {"executed_lines": [], "summary": {"covered_lines": 0, "num_statements": 34, "percent_covered": 0.0, "percent_covered_display": "0", "missing_lines": 34, "excluded_lines": 0, "percent_statements_covered": 0.0, "percent_statements_covered_display": "0"}, "missing_lines": [190, 191, 193, 194, 195, 196, 197, 199, 200, 201, 202, 203, 205, 206, 207, 208, 210, 211, 212, 213, 215, 216, 217, 218, 219, 220, 221, 222, 223, 224, 226, 228, 229, 231], "excluded_lines": [], "start_line": 188}, "MongoDBHandler._cursor_to_result": {"executed_lines": [], "summary": {"covered_lines": 0, "num_statements": 22, "percent_covered": 0.0, "percent_covered_display": "0", "missing_lines": 22, "excluded_lines": 0, "percent_statements_covered": 0.0, "percent_statements_covered_display": "0"}, "missing_lines": [235, 236, 237, 240, 241, 242, 243, 244, 245, 246, 249, 250, 251, 252, 253, 254, 255, 256, 257, 258, 259, 261], "excluded_lines": [], "start_line": 233}, "MongoDBHandler._doc_to_result": {"executed_lines": [], "summary": {"covered_lines": 0, "num_statements": 10, "percent_covered": 0.0, "percent_covered_display": "0", "missing_lines": 10, "excluded_lines": 0, "percent_statements_covered": 0.0, "percent_statements_covered_display": "0"}, "missing_lines": [269, 270, 271, 272, 273, 274, 275, 276, 277, 279], "excluded_lines": [], "start_line": 267}, "": {"executed_lines": [3, 4, 5, 6, 8, 9, 11, 14, 21, 24, 25, 26, 27, 28, 30, 49, 58, 76, 81, 87, 188, 233, 267], "summary": {"covered_lines": 23, "num_statements": 23, "percent_covered": 100.0, "percent_covered_display": "100", "missing_lines": 0, "excluded_lines": 0, "percent_statements_covered": 100.0, "percent_statements_covered_display": "100"}, "missing_lines": [], "excluded_lines": [], "start_line": 1}}, "classes": {"MongoDBHandler": {"executed_lines": [32, 34, 35, 36, 37, 38, 39, 40, 41, 42, 43, 45, 47, 51, 52, 53, 54, 55, 56], "summary": {"covered_lines": 19, "num_statements": 159, "percent_covered": 11.949685534591195, "percent_covered_display": "12", "missing_lines": 140, "excluded_lines": 0, "percent_statements_covered": 11.949685534591195, "percent_statements_covered_display": "12"}, "missing_lines": [60, 61, 63, 67, 68, 69, 70, 72, 74, 79, 84, 85, 89, 92, 93, 95, 96, 98, 99, 100, 102, 104, 105, 106, 107, 110, 111, 112, 113, 114, 116, 117, 118, 119, 120, 121, 122, 124, 125, 126, 127, 128, 134, 135, 136, 137, 138, 139, 144, 145, 146, 147, 148, 149, 150, 152, 153, 158, 159, 160, 161, 163, 164, 169, 170, 171, 172, 178, 179, 180, 181, 182, 183, 186, 190, 191, 193, 194, 195, 196, 197, 199, 200, 201, 202, 203, 205, 206, 207, 208, 210, 211, 212, 213, 215, 216, 217, 218, 219, 220, 221, 222, 223, 224, 226, 228, 229, 231, 235, 236, 237, 240, 241, 242, 243, 244, 245, 246, 249, 250, 251, 252, 253, 254, 255, 256, 257, 258, 259, 261, 269, 270, 271, 272, 273, 274, 275, 276, 277, 279], "excluded_lines": [], "start_line": 21}, "": {"executed_lines": [3, 4, 5, 6, 8, 9, 11, 14, 21, 24, 25, 26, 27, 28, 30, 49, 58, 76, 81, 87, 188, 233, 267], "summary": {"covered_lines": 23, "num_statements": 26, "percent_covered": 88.46153846153847, "percent_covered_display": "88", "missing_lines": 3, "excluded_lines": 0, "percent_statements_covered": 88.46153846153847, "percent_statements_covered_display": "88"}, "missing_lines": [16, 17, 18], "excluded_lines": [], "start_line": 1}}}, "cli\\src\\sqlazo\\databases\\mysql.py": {"executed_lines": [3, 4, 6, 7, 9, 12, 15, 16, 17, 18, 19, 21, 23, 25, 26, 27, 28, 29, 30, 31, 32, 33, 34, 36, 38, 40, 41, 42, 43, 44, 45, 46, 47, 49, 51, 55, 56, 57, 58, 59, 60, 62, 64, 66, 68, 69, 71, 72, 73, 74, 80, 81, 87], "summary": {"covered_lines": 53, "num_statements": 53, "percent_covered": 100.0, "percent_covered_display": "100", "missing_lines": 0, "excluded_lines": 0, "percent_statements_covered": 100.0, "percent_statements_covered_display": "100"}, "missing_lines": [], "excluded_lines": [], "functions": {"MySQLHandler.parse_url": {"executed_lines": [23, 25, 26, 27, 28, 29, 30, 31, 32, 33, 34, 36], "summary": {"covered_lines": 12, "num_statements": 12, "percent_covered": 100.0, "percent_covered_display": "100", "missing_lines": 0, "excluded_lines": 0, "percent_statements_covered": 100.0, "percent_statements_covered_display": "100"}, "missing_lines": [], "excluded_lines": [], "start_line": 21}, "MySQLHandler.validate_config": {"executed_lines": [40, 41, 42, 43, 44, 45, 46, 47], "summary": {"covered_lines": 8, "num_statements": 8, "percent_covered": 100.0, "percent_covered_display": "100", "missing_lines": 0, "excluded_lines": 0, "percent_statements_covered": 100.0, "percent_statements_covered_display": "100"}, "missing_lines": [], "excluded_lines": [], "start_line": 38}, "MySQLHandler.get_connection": {"executed_lines": [51, 55, 56, 57, 58, 59, 60, 62], "summary": {"covered_lines": 8, "num_statements": 8, "percent_covered": 100.0, "percent_covered_display": "100", "missing_lines": 0, "excluded_lines": 0, "percent_statements_covered": 100.0, "percent_statements_covered_display": "100"}, "missing_lines": [], "excluded_lines": [], "start_line": 49}, "MySQLHandler.execute_query": {"executed_lines": [66, 68, 69, 71, 72, 73, 74, 80, 81, 87], "summary": {"covered_lines": 10, "num_statements": 10, "percent_covered": 100.0, "percent_covered_display": "100", "missing_lines": 0, "excluded_lines": 0, "percent_statements_covered": 100.0, "percent_statements_covered_display": "100"}, "missing_lines": [], "excluded_lines": [], "start_line": 64}, "": {"executed_lines": [3, 4, 6, 7, 9, 12, 15, 16, 17, 18, 19, 21, 38, 49, 64], "summary": {"covered_lines": 15, "num_statements": 15, "percent_covered": 100.0, "percent_covered_display": "100", "missing_lines": 0, "excluded_lines": 0, "percent_statements_covered": 100.0, "percent_statements_covered_display": "100"}, "missing_lines": [], "excluded_lines": [], "start_line": 1}}, "classes": {"MySQLHandler": {"executed_lines": [23, 25, 26, 27, 28, 29, 30, 31, 32, 33, 34, 36, 40, 41, 42, 43, 44, 45, 46, 47, 51, 55, 56, 57, 58, 59, 60, 62, 66, 68, 69, 71, 72, 73, 74, 80, 81, 87], "summary": {"covered_lines": 38, "num_statements": 38, "percent_covered": 100.0, "percent_covered_display": "100", "missing_lines": 0, "excluded_lines": 0, "percent_statements_covered": 100.0, "percent_statements_covered_display": "100"}, "missing_lines": [], "excluded_lines": [], "start_line": 12}, "": {"executed_lines": [3, 4, 6, 7, 9, 12, 15, 16, 17, 18, 19, 21, 38, 49, 64], "summary": {"covered_lines": 15, "num_statements": 15, "percent_covered": 100.0, "percent_covered_display": "100", "missing_lines": 0, "excluded_lines": 0, "percent_statements_covered": 100.0, "percent_statements_covered_display": "100"}, "missing_lines": [], "excluded_lines": [], "start_line": 1}}}, "cli\\src\\sqlazo\\databases\\postgresql.py": {"executed_lines": [3, 4, 6, 7, 9, 12, 15, 16, 17, 18, 19, 21, 23, 25, 26, 27, 28, 29, 30, 31, 32, 33, 34, 36, 38, 40, 41, 43, 45, 47, 49, 51, 55, 56, 57, 58, 59, 60, 62, 64, 66, 68, 69, 71, 72, 73, 74, 86], "summary": {"covered_lines": 48, "num_statements": 53, "percent_covered": 90.56603773584905, "percent_covered_display": "91", "missing_lines": 5, "excluded_lines": 0, "percent_statements_covered": 90.56603773584905, "percent_statements_covered_display": "91"}, "missing_lines": [42, 44, 46, 80, 81], "excluded_lines": [], "functions": {"PostgreSQLHandler.parse_url": {"executed_lines": [23, 25, 26, 27, 28, 29, 30, 31, 32, 33, 34, 36], "summary": {"covered_lines": 12, "num_statements": 12, "percent_covered": 100.0, "percent_covered_display": "100", "missing_lines": 0, "excluded_lines": 0, "percent_statements_covered": 100.0, "percent_statements_covered_display": "100"}, "missing_lines": [], "excluded_lines": [], "start_line": 21}, "PostgreSQLHandler.validate_config": {"executed_lines": [40, 41, 43, 45, 47], "summary": {"covered_lines": 5, "num_statements": 8, "percent_covered": 62.5, "percent_covered_display": "62", "missing_lines": 3, "excluded_lines": 0, "percent_statements_covered": 62.5, "percent_statements_covered_display": "62"}, "missing_lines": [42, 44, 46], "excluded_lines": [], "start_line": 38}, "PostgreSQLHandler.get_connection": {"executed_lines": [51, 55, 56, 57, 58, 59, 60, 62], "summary": {"covered_lines": 8, "num_statements": 8, "percent_covered": 100.0, "percent_covered_display": "100", "missing_lines": 0, "excluded_lines": 0, "percent_statements_covered": 100.0, "percent_statements_covered_display": "100"}, "missing_lines": [], "excluded_lines": [], "start_line": 49}, "PostgreSQLHandler.execute_query": {"executed_lines": [66, 68, 69, 71, 72, 73, 74, 86], "summary": {"covered_lines": 8, "num_statements": 10, "percent_covered": 80.0, "percent_covered_display": "80", "missing_lines": 2, "excluded_lines": 0, "percent_statements_covered": 80.0, "percent_statements_covered_display": "80"}, "missing_lines": [80, 81], "excluded_lines": [], "start_line": 64}, "": {"executed_lines": [3, 4, 6, 7, 9, 12, 15, 16, 17, 18, 19, 21, 38, 49, 64], "summary": {"covered_lines": 15, "num_statements": 15, "percent_covered": 100.0, "percent_covered_display": "100", "missing_lines": 0, "excluded_lines": 0, "percent_statements_covered": 100.0, "percent_statements_covered_display": "100"}, "missing_lines": [], "excluded_lines": [], "start_line": 1}}, "classes": {"PostgreSQLHandler": {"executed_lines": [23, 25, 26, 27, 28, 29, 30, 31, 32, 33, 34, 36, 40, 41, 43, 45, 47, 51, 55, 56, 57, 58, 59, 60, 62, 66, 68, 69, 71, 72, 73, 74, 86], "summary": {"covered_lines": 33, "num_statements": 38, "percent_covered": 86.84210526315789, "percent_covered_display": "87", "missing_lines": 5, "excluded_lines": 0, "percent_statements_covered": 86.84210526315789, "percent_statements_covered_display": "87"}, "missing_lines": [42, 44, 46, 80, 81], "excluded_lines": [], "start_line": 12}, "": {"executed_lines": [3, 4, 6, 7, 9, 12, 15, 16, 17, 18, 19, 21, 38, 49, 64], "summary": {"covered_lines": 15, "num_statements": 15, "percent_covered": 100.0, "percent_covered_display": "100", "missing_lines": 0, "excluded_lines": 0, "percent_statements_covered": 100.0, "percent_statements_covered_display": "100"}, "missing_lines": [], "excluded_lines": [], "start_line": 1}}}, "cli\\src\\sqlazo\\databases\\redis.py": {"executed_lines": [3, 4, 6, 8, 11, 14, 15, 16, 17, 18, 20, 22, 24, 25, 26, 27, 28, 29, 30, 31, 33, 34, 35, 36, 38, 40, 42, 43, 44, 45, 47, 49, 54, 56, 58, 59, 61, 63, 65, 66, 68, 69, 71, 74, 75, 78, 79, 81, 82, 83, 88, 89, 90, 104, 106, 107, 108, 109, 111, 112, 113, 114, 115, 116, 117, 118, 119, 120, 121, 123, 125, 126, 128, 130, 132, 133, 134, 135, 136, 138, 139, 141, 142, 143, 144, 145, 152, 157, 159, 162, 171, 179, 187], "summary": {"covered_lines": 93, "num_statements": 120, "percent_covered": 77.5, "percent_covered_display": "78", "missing_lines": 27, "excluded_lines": 0, "percent_statements_covered": 77.5, "percent_statements_covered_display": "78"}, "missing_lines": [55, 57, 72, 76, 84, 85, 92, 93, 94, 95, 96, 98, 137, 140, 146, 147, 148, 149, 150, 151, 153, 154, 155, 163, 164, 172, 180], "excluded_lines": [], "functions": {"RedisHandler.parse_url": {"executed_lines": [22, 24, 25, 26, 27, 28, 29, 30, 31, 33, 34, 35, 36, 38], "summary": {"covered_lines": 14, "num_statements": 14, "percent_covered": 100.0, "percent_covered_display": "100", "missing_lines": 0, "excluded_lines": 0, "percent_statements_covered": 100.0, "percent_statements_covered_display": "100"}, "missing_lines": [], "excluded_lines": [], "start_line": 20}, "RedisHandler.validate_config": {"executed_lines": [42, 43, 44, 45], "summary": {"covered_lines": 4, "num_statements": 4, "percent_covered": 100.0, "percent_covered_display": "100", "missing_lines": 0, "excluded_lines": 0, "percent_statements_covered": 100.0, "percent_statements_covered_display": "100"}, "missing_lines": [], "excluded_lines": [], "start_line": 40}, "RedisHandler.get_connection": {"executed_lines": [49, 54, 56, 58, 59, 61], "summary": {"covered_lines": 6, "num_statements": 8, "percent_covered": 75.0, "percent_covered_display": "75", "missing_lines": 2, "excluded_lines": 0, "percent_statements_covered": 75.0, "percent_statements_covered_display": "75"}, "missing_lines": [55, 57], "excluded_lines": [], "start_line": 47}, "RedisHandler.execute_query": {"executed_lines": [65, 66, 68, 69, 71, 74, 75, 78, 79, 81, 82, 83, 88, 89, 90], "summary": {"covered_lines": 15, "num_statements": 25, "percent_covered": 60.0, "percent_covered_display": "60", "missing_lines": 10, "excluded_lines": 0, "percent_statements_covered": 60.0, "percent_statements_covered_display": "60"}, "missing_lines": [72, 76, 84, 85, 92, 93, 94, 95, 96, 98], "excluded_lines": [], "start_line": 63}, "RedisHandler._parse_command": {"executed_lines": [106, 107, 108, 109, 111, 112, 113, 114, 115, 116, 117, 118, 119, 120, 121, 123, 125, 126, 128], "summary": {"covered_lines": 19, "num_statements": 19, "percent_covered": 100.0, "percent_covered_display": "100", "missing_lines": 0, "excluded_lines": 0, "percent_statements_covered": 100.0, "percent_statements_covered_display": "100"}, "missing_lines": [], "excluded_lines": [], "start_line": 104}, "RedisHandler._format_value": {"executed_lines": [132, 133, 134, 135, 136, 138, 139, 141, 142, 143, 144, 145, 152, 157], "summary": {"covered_lines": 14, "num_statements": 25, "percent_covered": 56.0, "percent_covered_display": "56", "missing_lines": 11, "excluded_lines": 0, "percent_statements_covered": 56.0, "percent_statements_covered_display": "56"}, "missing_lines": [137, 140, 146, 147, 148, 149, 150, 151, 153, 154, 155], "excluded_lines": [], "start_line": 130}, "RedisHandler._result_to_query_result": {"executed_lines": [162, 171, 179, 187], "summary": {"covered_lines": 4, "num_statements": 8, "percent_covered": 50.0, "percent_covered_display": "50", "missing_lines": 4, "excluded_lines": 0, "percent_statements_covered": 50.0, "percent_statements_covered_display": "50"}, "missing_lines": [163, 164, 172, 180], "excluded_lines": [], "start_line": 159}, "": {"executed_lines": [3, 4, 6, 8, 11, 14, 15, 16, 17, 18, 20, 40, 47, 63, 104, 130, 159], "summary": {"covered_lines": 17, "num_statements": 17, "percent_covered": 100.0, "percent_covered_display": "100", "missing_lines": 0, "excluded_lines": 0, "percent_statements_covered": 100.0, "percent_statements_covered_display": "100"}, "missing_lines": [], "excluded_lines": [], "start_line": 1}}, "classes": {"RedisHandler": {"executed_lines": [22, 24, 25, 26, 27, 28, 29, 30, 31, 33, 34, 35, 36, 38, 42, 43, 44, 45, 49, 54, 56, 58, 59, 61, 65, 66, 68, 69, 71, 74, 75, 78, 79, 81, 82, 83, 88, 89, 90, 106, 107, 108, 109, 111, 112, 113, 114, 115, 116, 117, 118, 119, 120, 121, 123, 125, 126, 128, 132, 133, 134, 135, 136, 138, 139, 141, 142, 143, 144, 145, 152, 157, 162, 171, 179, 187], "summary": {"covered_lines": 76, "num_statements": 103, "percent_covered": 73.7864077669903, "percent_covered_display": "74", "missing_lines": 27, "excluded_lines": 0, "percent_statements_covered": 73.7864077669903, "percent_statements_covered_display": "74"}, "missing_lines": [55, 57, 72, 76, 84, 85, 92, 93, 94, 95, 96, 98, 137, 140, 146, 147, 148, 149, 150, 151, 153, 154, 155, 163, 164, 172, 180], "excluded_lines": [], "start_line": 11}, "": {"executed_lines": [3, 4, 6, 8, 11, 14, 15, 16, 17, 18, 20, 40, 47, 63, 104, 130, 159], "summary": {"covered_lines": 17, "num_statements": 17, "percent_covered": 100.0, "percent_covered_display": "100", "missing_lines": 0, "excluded_lines": 0, "percent_statements_covered": 100.0, "percent_statements_covered_display": "100"}, "missing_lines": [], "excluded_lines": [], "start_line": 1}}}, "cli\\src\\sqlazo\\databases\\sqlite.py": {"executed_lines": [3, 4, 5, 7, 10, 13, 14, 15, 16, 17, 19, 21, 24, 25, 28, 30, 32, 34, 35, 36, 37, 39, 41, 43, 45, 47, 48, 50, 51, 52, 53, 66], "summary": {"covered_lines": 32, "num_statements": 34, "percent_covered": 94.11764705882354, "percent_covered_display": "94", "missing_lines": 2, "excluded_lines": 0, "percent_statements_covered": 94.11764705882354, "percent_statements_covered_display": "94"}, "missing_lines": [59, 60], "excluded_lines": [], "functions": {"SQLiteHandler.parse_url": {"executed_lines": [21, 24, 25, 28, 30], "summary": {"covered_lines": 5, "num_statements": 5, "percent_covered": 100.0, "percent_covered_display": "100", "missing_lines": 0, "excluded_lines": 0, "percent_statements_covered": 100.0, "percent_statements_covered_display": "100"}, "missing_lines": [], "excluded_lines": [], "start_line": 19}, "SQLiteHandler.validate_config": {"executed_lines": [34, 35, 36, 37], "summary": {"covered_lines": 4, "num_statements": 4, "percent_covered": 100.0, "percent_covered_display": "100", "missing_lines": 0, "excluded_lines": 0, "percent_statements_covered": 100.0, "percent_statements_covered_display": "100"}, "missing_lines": [], "excluded_lines": [], "start_line": 32}, "SQLiteHandler.get_connection": {"executed_lines": [41], "summary": {"covered_lines": 1, "num_statements": 1, "percent_covered": 100.0, "percent_covered_display": "100", "missing_lines": 0, "excluded_lines": 0, "percent_statements_covered": 100.0, "percent_statements_covered_display": "100"}, "missing_lines": [], "excluded_lines": [], "start_line": 39}, "SQLiteHandler.execute_query": {"executed_lines": [45, 47, 48, 50, 51, 52, 53, 66], "summary": {"covered_lines": 8, "num_statements": 10, "percent_covered": 80.0, "percent_covered_display": "80", "missing_lines": 2, "excluded_lines": 0, "percent_statements_covered": 80.0, "percent_statements_covered_display": "80"}, "missing_lines": [59, 60], "excluded_lines": [], "start_line": 43}, "": {"executed_lines": [3, 4, 5, 7, 10, 13, 14, 15, 16, 17, 19, 32, 39, 43], "summary": {"covered_lines": 14, "num_statements": 14, "percent_covered": 100.0, "percent_covered_display": "100", "missing_lines": 0, "excluded_lines": 0, "percent_statements_covered": 100.0, "percent_statements_covered_display": "100"}, "missing_lines": [], "excluded_lines": [], "start_line": 1}}, "classes": {"SQLiteHandler": {"executed_lines": [21, 24, 25, 28, 30, 34, 35, 36, 37, 41, 45, 47, 48, 50, 51, 52, 53, 66], "summary": {"covered_lines": 18, "num_statements": 20, "percent_covered": 90.0, "percent_covered_display": "90", "missing_lines": 2, "excluded_lines": 0, "percent_statements_covered": 90.0, "percent_statements_covered_display": "90"}, "missing_lines": [59, 60], "excluded_lines": [], "start_line": 10}, "": {"executed_lines": [3, 4, 5, 7, 10, 13, 14, 15, 16, 17, 19, 32, 39, 43], "summary": {"covered_lines": 14, "num_statements": 14, "percent_covered": 100.0, "percent_covered_display": "100", "missing_lines": 0, "excluded_lines": 0, "percent_statements_covered": 100.0, "percent_statements_covered_display": "100"}, "missing_lines": [], "excluded_lines": [], "start_line": 1}}}, "cli\\src\\sqlazo\\executor.py": {"executed_lines": [4, 5, 8, 51, 58], "summary": {"covered_lines": 5, "num_statements": 24, "percent_covered": 20.833333333333332, "percent_covered_display": "21", "missing_lines": 19, "excluded_lines": 0, "percent_statements_covered": 20.833333333333332, "percent_statements_covered_display": "21"}, "missing_lines": [23, 24, 25, 28, 29, 30, 31, 32, 33, 34, 40, 41, 47, 53, 54, 55, 60, 61, 62], "excluded_lines": [], "functions": {"execute_query": {"executed_lines": [], "summary": {"covered_lines": 0, "num_statements": 13, "percent_covered": 0.0, "percent_covered_display": "0", "missing_lines": 13, "excluded_lines": 0, "percent_statements_covered": 0.0, "percent_statements_covered_display": "0"}, "missing_lines": [23, 24, 25, 28, 29, 30, 31, 32, 33, 34, 40, 41, 47], "excluded_lines": [], "start_line": 8}, "execute_mongo_query": {"executed_lines": [], "summary": {"covered_lines": 0, "num_statements": 3, "percent_covered": 0.0, "percent_covered_display": "0", "missing_lines": 3, "excluded_lines": 0, "percent_statements_covered": 0.0, "percent_statements_covered_display": "0"}, "missing_lines": [53, 54, 55], "excluded_lines": [], "start_line": 51}, "execute_redis_query": {"executed_lines": [], "summary": {"covered_lines": 0, "num_statements": 3, "percent_covered": 0.0, "percent_covered_display": "0", "missing_lines": 3, "excluded_lines": 0, "percent_statements_covered": 0.0, "percent_statements_covered_display": "0"}, "missing_lines": [60, 61, 62], "excluded_lines": [], "start_line": 58}, "": {"executed_lines": [4, 5, 8, 51, 58], "summary": {"covered_lines": 5, "num_statements": 5, "percent_covered": 100.0, "percent_covered_display": "100", "missing_lines": 0, "excluded_lines": 0, "percent_statements_covered": 100.0, "percent_statements_covered_display": "100"}, "missing_lines": [], "excluded_lines": [], "start_line": 1}}, "classes": {"": {"executed_lines": [4, 5, 8, 51, 58], "summary": {"covered_lines": 5, "num_statements": 24, "percent_covered": 20.833333333333332, "percent_covered_display": "21", "missing_lines": 19, "excluded_lines": 0, "percent_statements_covered": 20.833333333333332, "percent_statements_covered_display": "21"}, "missing_lines": [23, 24, 25, 28, 29, 30, 31, 32, 33, 34, 40, 41, 47, 53, 54, 55, 60, 61, 62], "excluded_lines": [], "start_line": 1}}}, "cli\\src\\sqlazo\\formatter.py": {"executed_lines": [3, 4, 5, 6, 8, 11, 14, 25, 26, 27, 28, 30, 31, 32, 33, 34, 35, 42, 44, 45, 48, 49, 50, 51, 54, 57, 60, 62, 63, 64, 67, 68, 69, 70, 71, 72, 74, 77, 79, 82, 108, 110, 113, 114, 115, 117, 118, 120, 123, 125, 128, 129, 130, 131, 132, 134, 136, 137, 139], "summary": {"covered_lines": 59, "num_statements": 79, "percent_covered": 74.68354430379746, "percent_covered_display": "75", "missing_lines": 20, "excluded_lines": 0, "percent_statements_covered": 74.68354430379746, "percent_statements_covered_display": "75"}, "missing_lines": [36, 37, 39, 84, 85, 87, 88, 90, 93, 95, 96, 97, 98, 99, 100, 103, 105, 111, 126, 135], "excluded_lines": [], "functions": {"format_result": {"executed_lines": [25, 26, 27, 28, 30, 31, 32, 33, 34, 35], "summary": {"covered_lines": 10, "num_statements": 13, "percent_covered": 76.92307692307692, "percent_covered_display": "77", "missing_lines": 3, "excluded_lines": 0, "percent_statements_covered": 76.92307692307692, "percent_statements_covered_display": "77"}, "missing_lines": [36, 37, 39], "excluded_lines": [], "start_line": 14}, "_format_table": {"executed_lines": [44, 45, 48, 49, 50, 51, 54, 57, 60, 62, 63, 64, 67, 68, 69, 70, 71, 72, 74, 77, 79], "summary": {"covered_lines": 21, "num_statements": 21, "percent_covered": 100.0, "percent_covered_display": "100", "missing_lines": 0, "excluded_lines": 0, "percent_statements_covered": 100.0, "percent_statements_covered_display": "100"}, "missing_lines": [], "excluded_lines": [], "start_line": 42}, "_format_record": {"executed_lines": [], "summary": {"covered_lines": 0, "num_statements": 14, "percent_covered": 0.0, "percent_covered_display": "0", "missing_lines": 14, "excluded_lines": 0, "percent_statements_covered": 0.0, "percent_statements_covered_display": "0"}, "missing_lines": [84, 85, 87, 88, 90, 93, 95, 96, 97, 98, 99, 100, 103, 105], "excluded_lines": [], "start_line": 82}, "_format_csv": {"executed_lines": [110, 113, 114, 115, 117, 118, 120], "summary": {"covered_lines": 7, "num_statements": 8, "percent_covered": 87.5, "percent_covered_display": "88", "missing_lines": 1, "excluded_lines": 0, "percent_statements_covered": 87.5, "percent_statements_covered_display": "88"}, "missing_lines": [111], "excluded_lines": [], "start_line": 108}, "_format_json": {"executed_lines": [125, 128, 129, 130, 131, 132, 134, 136, 137, 139], "summary": {"covered_lines": 10, "num_statements": 12, "percent_covered": 83.33333333333333, "percent_covered_display": "83", "missing_lines": 2, "excluded_lines": 0, "percent_statements_covered": 83.33333333333333, "percent_statements_covered_display": "83"}, "missing_lines": [126, 135], "excluded_lines": [], "start_line": 123}, "": {"executed_lines": [3, 4, 5, 6, 8, 11, 14, 42, 82, 108, 123], "summary": {"covered_lines": 11, "num_statements": 11, "percent_covered": 100.0, "percent_covered_display": "100", "missing_lines": 0, "excluded_lines": 0, "percent_statements_covered": 100.0, "percent_statements_covered_display": "100"}, "missing_lines": [], "excluded_lines": [], "start_line": 1}}, "classes": {"": {"executed_lines": [3, 4, 5, 6, 8, 11, 14, 25, 26, 27, 28, 30, 31, 32, 33, 34, 35, 42, 44, 45, 48, 49, 50, 51, 54, 57, 60, 62, 63, 64, 67, 68, 69, 70, 71, 72, 74, 77, 79, 82, 108, 110, 113, 114, 115, 117, 118, 120, 123, 125, 128, 129, 130, 131, 132, 134, 136, 137, 139], "summary": {"covered_lines": 59, "num_statements": 79, "percent_covered": 74.68354430379746, "percent_covered_display": "75", "missing_lines": 20, "excluded_lines": 0, "percent_statements_covered": 74.68354430379746, "percent_statements_covered_display": "75"}, "missing_lines": [36, 37, 39, 84, 85, 87, 88, 90, 93, 95, 96, 97, 98, 99, 100, 103, 105, 111, 126, 135], "excluded_lines": [], "start_line": 1}}}, "cli\\src\\sqlazo\\parser.py": {"executed_lines": [3, 4, 5, 6, 8, 11, 12, 16, 17, 18, 19, 20, 21, 22, 25, 27, 29, 30, 31, 32, 33, 34, 35, 36, 38, 39, 40, 41, 42, 43, 44, 48, 62, 72, 73, 76, 78, 79, 86, 105, 106, 107, 108, 111, 113, 114, 117, 119, 120, 121, 122, 124, 125, 127, 128, 129, 132, 133, 134, 135, 136, 137, 138, 139, 140, 141, 142, 144, 149, 151, 152, 153, 155, 158, 159, 162, 164, 167, 177], "summary": {"covered_lines": 79, "num_statements": 86, "percent_covered": 91.86046511627907, "percent_covered_display": "92", "missing_lines": 7, "excluded_lines": 0, "percent_statements_covered": 91.86046511627907, "percent_statements_covered_display": "92"}, "missing_lines": [37, 82, 83, 147, 148, 178, 179], "excluded_lines": [], "functions": {"ParsedFile.get_connection_params": {"executed_lines": [29, 30, 31, 32, 33, 34, 35, 36, 38, 39, 40, 41, 42, 43, 44], "summary": {"covered_lines": 15, "num_statements": 16, "percent_covered": 93.75, "percent_covered_display": "94", "missing_lines": 1, "excluded_lines": 0, "percent_statements_covered": 93.75, "percent_statements_covered_display": "94"}, "missing_lines": [37], "excluded_lines": [], "start_line": 27}, "parse_url": {"executed_lines": [72, 73, 76, 78, 79], "summary": {"covered_lines": 5, "num_statements": 7, "percent_covered": 71.42857142857143, "percent_covered_display": "71", "missing_lines": 2, "excluded_lines": 0, "percent_statements_covered": 71.42857142857143, "percent_statements_covered_display": "71"}, "missing_lines": [82, 83], "excluded_lines": [], "start_line": 62}, "parse_file": {"executed_lines": [105, 106, 107, 108, 111, 113, 114, 117, 119, 120, 121, 122, 124, 125, 127, 128, 129, 132, 133, 134, 135, 136, 137, 138, 139, 140, 141, 142, 144, 149, 151, 152, 153, 155, 158, 159, 162, 164], "summary": {"covered_lines": 38, "num_statements": 40, "percent_covered": 95.0, "percent_covered_display": "95", "missing_lines": 2, "excluded_lines": 0, "percent_statements_covered": 95.0, "percent_statements_covered_display": "95"}, "missing_lines": [147, 148], "excluded_lines": [], "start_line": 86}, "parse_file_path": {"executed_lines": [177], "summary": {"covered_lines": 1, "num_statements": 3, "percent_covered": 33.333333333333336, "percent_covered_display": "33", "missing_lines": 2, "excluded_lines": 0, "percent_statements_covered": 33.333333333333336, "percent_statements_covered_display": "33"}, "missing_lines": [178, 179], "excluded_lines": [], "start_line": 167}, "": {"executed_lines": [3, 4, 5, 6, 8, 11, 12, 16, 17, 18, 19, 20, 21, 22, 25, 27, 48, 62, 86, 167], "summary": {"covered_lines": 20, "num_statements": 20, "percent_covered": 100.0, "percent_covered_display": "100", "missing_lines": 0, "excluded_lines": 0, "percent_statements_covered": 100.0, "percent_statements_covered_display": "100"}, "missing_lines": [], "excluded_lines": [], "start_line": 1}}, "classes": {"ParsedFile": {"executed_lines": [29, 30, 31, 32, 33, 34, 35, 36, 38, 39, 40, 41, 42, 43, 44], "summary": {"covered_lines": 15, "num_statements": 16, "percent_covered": 93.75, "percent_covered_display": "94", "missing_lines": 1, "excluded_lines": 0, "percent_statements_covered": 93.75, "percent_statements_covered_display": "94"}, "missing_lines": [37], "excluded_lines": [], "start_line": 12}, "": {"executed_lines": [3, 4, 5, 6, 8, 11, 12, 16, 17, 18, 19, 20, 21, 22, 25, 27, 48, 62, 72, 73, 76, 78, 79, 86, 105, 106, 107, 108, 111, 113, 114, 117, 119, 120, 121, 122, 124, 125, 127, 128, 129, 132, 133, 134, 135, 136, 137, 138, 139, 140, 141, 142, 144, 149, 151, 152, 153, 155, 158, 159, 162, 164, 167, 177], "summary": {"covered_lines": 64, "num_statements": 70, "percent_covered": 91.42857142857143, "percent_covered_display": "91", "missing_lines": 6, "excluded_lines": 0, "percent_statements_covered": 91.42857142857143, "percent_statements_covered_display": "91"}, "missing_lines": [82, 83, 147, 148, 178, 179], "excluded_lines": [], "start_line": 1}}}, "cli\\src\\sqlazo\\schema.py": {"executed_lines": [3, 4, 7, 8, 11, 12, 13, 14, 17, 18, 21, 22, 23, 26, 27, 30, 31, 33, 35, 52, 64, 66, 68, 71, 74, 76, 77, 79, 81, 88, 90, 91, 94, 101, 102, 108, 110, 112, 115, 118, 190, 237, 292], "summary": {"covered_lines": 43, "num_statements": 109, "percent_covered": 39.44954128440367, "percent_covered_display": "39", "missing_lines": 66, "excluded_lines": 0, "percent_statements_covered": 39.44954128440367, "percent_statements_covered_display": "39"}, "missing_lines": [65, 67, 69, 120, 121, 123, 125, 132, 134, 135, 138, 173, 174, 180, 182, 184, 187, 192, 193, 195, 197, 205, 207, 208, 209, 213, 215, 216, 217, 218, 219, 221, 227, 229, 231, 234, 248, 251, 253, 255, 256, 258, 262, 263, 266, 267, 268, 269, 270, 271, 272, 274, 275, 278, 279, 285, 287, 289, 294, 295, 297, 306, 307, 308, 311, 312], "excluded_lines": [], "functions": {"SchemaInfo.to_dict": {"executed_lines": [35], "summary": {"covered_lines": 1, "num_statements": 1, "percent_covered": 100.0, "percent_covered_display": "100", "missing_lines": 0, "excluded_lines": 0, "percent_statements_covered": 100.0, "percent_statements_covered_display": "100"}, "missing_lines": [], "excluded_lines": [], "start_line": 33}, "get_schema": {"executed_lines": [64, 66, 68, 71], "summary": {"covered_lines": 4, "num_statements": 7, "percent_covered": 57.142857142857146, "percent_covered_display": "57", "missing_lines": 3, "excluded_lines": 0, "percent_statements_covered": 57.142857142857146, "percent_statements_covered_display": "57"}, "missing_lines": [65, 67, 69], "excluded_lines": [], "start_line": 52}, "_get_schema_mysql": {"executed_lines": [76, 77, 79, 81, 88, 90, 91, 94, 101, 102, 108, 110, 112, 115], "summary": {"covered_lines": 14, "num_statements": 14, "percent_covered": 100.0, "percent_covered_display": "100", "missing_lines": 0, "excluded_lines": 0, "percent_statements_covered": 100.0, "percent_statements_covered_display": "100"}, "missing_lines": [], "excluded_lines": [], "start_line": 74}, "_get_schema_postgresql": {"executed_lines": [], "summary": {"covered_lines": 0, "num_statements": 14, "percent_covered": 0.0, "percent_covered_display": "0", "missing_lines": 14, "excluded_lines": 0, "percent_statements_covered": 0.0, "percent_statements_covered_display": "0"}, "missing_lines": [120, 121, 123, 125, 132, 134, 135, 138, 173, 174, 180, 182, 184, 187], "excluded_lines": [], "start_line": 118}, "_get_schema_sqlite": {"executed_lines": [], "summary": {"covered_lines": 0, "num_statements": 19, "percent_covered": 0.0, "percent_covered_display": "0", "missing_lines": 19, "excluded_lines": 0, "percent_statements_covered": 0.0, "percent_statements_covered_display": "0"}, "missing_lines": [192, 193, 195, 197, 205, 207, 208, 209, 213, 215, 216, 217, 218, 219, 221, 227, 229, 231, 234], "excluded_lines": [], "start_line": 190}, "_get_schema_mongodb": {"executed_lines": [], "summary": {"covered_lines": 0, "num_statements": 22, "percent_covered": 0.0, "percent_covered_display": "0", "missing_lines": 22, "excluded_lines": 0, "percent_statements_covered": 0.0, "percent_statements_covered_display": "0"}, "missing_lines": [248, 251, 253, 255, 256, 258, 262, 263, 266, 267, 268, 269, 270, 271, 272, 274, 275, 278, 279, 285, 287, 289], "excluded_lines": [], "start_line": 237}, "_mongo_type_name": {"executed_lines": [], "summary": {"covered_lines": 0, "num_statements": 8, "percent_covered": 0.0, "percent_covered_display": "0", "missing_lines": 8, "excluded_lines": 0, "percent_statements_covered": 0.0, "percent_statements_covered_display": "0"}, "missing_lines": [294, 295, 297, 306, 307, 308, 311, 312], "excluded_lines": [], "start_line": 292}, "": {"executed_lines": [3, 4, 7, 8, 11, 12, 13, 14, 17, 18, 21, 22, 23, 26, 27, 30, 31, 33, 52, 74, 118, 190, 237, 292], "summary": {"covered_lines": 24, "num_statements": 24, "percent_covered": 100.0, "percent_covered_display": "100", "missing_lines": 0, "excluded_lines": 0, "percent_statements_covered": 100.0, "percent_statements_covered_display": "100"}, "missing_lines": [], "excluded_lines": [], "start_line": 1}}, "classes": {"ColumnInfo": {"executed_lines": [], "summary": {"covered_lines": 0, "num_statements": 0, "percent_covered": 100.0, "percent_covered_display": "100", "missing_lines": 0, "excluded_lines": 0, "percent_statements_covered": 100.0, "percent_statements_covered_display": "100"}, "missing_lines": [], "excluded_lines": [], "start_line": 8}, "TableInfo": {"executed_lines": [], "summary": {"covered_lines": 0, "num_statements": 0, "percent_covered": 100.0, "percent_covered_display": "100", "missing_lines": 0, "excluded_lines": 0, "percent_statements_covered": 100.0, "percent_statements_covered_display": "100"}, "missing_lines": [], "excluded_lines": [], "start_line": 18}, "SchemaInfo": {"executed_lines": [35], "summary": {"covered_lines": 1, "num_statements": 1, "percent_covered": 100.0, "percent_covered_display": "100", "missing_lines": 0, "excluded_lines": 0, "percent_statements_covered": 100.0, "percent_statements_covered_display": "100"}, "missing_lines": [], "excluded_lines": [], "start_line": 27}, "": {"executed_lines": [3, 4, 7, 8, 11, 12, 13, 14, 17, 18, 21, 22, 23, 26, 27, 30, 31, 33, 52, 64, 66, 68, 71, 74, 76, 77, 79, 81, 88, 90, 91, 94, 101, 102, 108, 110, 112, 115, 118, 190, 237, 292], "summary": {"covered_lines": 42, "num_statements": 108, "percent_covered": 38.888888888888886, "percent_covered_display": "39", "missing_lines": 66, "excluded_lines": 0, "percent_statements_covered": 38.888888888888886, "percent_statements_covered_display": "39"}, "missing_lines": [65, 67, 69, 120, 121, 123, 125, 132, 134, 135, 138, 173, 174, 180, 182, 184, 187, 192, 193, 195, 197, 205, 207, 208, 209, 213, 215, 216, 217, 218, 219, 221, 227, 229, 231, 234, 248, 251, 253, 255, 256, 258, 262, 263, 266, 267, 268, 269, 270, 271, 272, 274, 275, 278, 279, 285, 287, 289, 294, 295, 297, 306, 307, 308, 311, 312], "excluded_lines": [], "start_line": 1}}}}, "totals": {"covered_lines": 627, "num_statements": 952, "percent_covered": 65.86134453781513, "percent_covered_display": "66", "missing_lines": 325, "excluded_lines": 0, "percent_statements_covered": 65.86134453781513, "percent_statements_covered_display": "66"}}